DEBUG:paramiko.transport:starting thread (client mode): 0x4a5237c0
DEBUG:paramiko.transport:Local version/idstring: SSH-2.0-paramiko_2.7.2
DEBUG:paramiko.transport:Remote version/idstring: SSH-2.0-OpenSSH_8.0
INFO:paramiko.transport:Connected (version 2.0, client OpenSSH_8.0)
DEBUG:paramiko.transport:kex algos:['curve25519-sha256', 'curve25519-sha256@libssh.org', 'ecdh-sha2-nistp256', 'ecdh-sha2-nistp384', 'ecdh-sha2-nistp521', 'diffie-hellman-group-exchange-sha256', 'diffie-hellman-group14-sha256', 'diffie-hellman-group16-sha512', 'diffie-hellman-group18-sha512', 'diffie-hellman-group-exchange-sha1', 'diffie-hellman-group14-sha1'] server key:['rsa-sha2-512', 'rsa-sha2-256', 'ssh-rsa', 'ecdsa-sha2-nistp256', 'ssh-ed25519'] client encrypt:['aes256-gcm@openssh.com', 'chacha20-poly1305@openssh.com', 'aes256-ctr', 'aes256-cbc', 'aes128-gcm@openssh.com', 'aes128-ctr', 'aes128-cbc'] server encrypt:['aes256-gcm@openssh.com', 'chacha20-poly1305@openssh.com', 'aes256-ctr', 'aes256-cbc', 'aes128-gcm@openssh.com', 'aes128-ctr', 'aes128-cbc'] client mac:['hmac-sha2-256-etm@openssh.com', 'hmac-sha1-etm@openssh.com', 'umac-128-etm@openssh.com', 'hmac-sha2-512-etm@openssh.com', 'hmac-sha2-256', 'hmac-sha1', 'umac-128@openssh.com', 'hmac-sha2-512'] server mac:['hmac-sha2-256-etm@openssh.com', 'hmac-sha1-etm@openssh.com', 'umac-128-etm@openssh.com', 'hmac-sha2-512-etm@openssh.com', 'hmac-sha2-256', 'hmac-sha1', 'umac-128@openssh.com', 'hmac-sha2-512'] client compress:['none', 'zlib@openssh.com'] server compress:['none', 'zlib@openssh.com'] client lang:[''] server lang:[''] kex follows?False
DEBUG:paramiko.transport:Kex agreed: curve25519-sha256@libssh.org
DEBUG:paramiko.transport:HostKey agreed: ssh-ed25519
DEBUG:paramiko.transport:Cipher agreed: aes128-ctr
DEBUG:paramiko.transport:MAC agreed: hmac-sha2-256
DEBUG:paramiko.transport:Compression agreed: none
DEBUG:paramiko.transport:kex engine KexCurve25519 specified hash_algo <built-in function openssl_sha256>
DEBUG:paramiko.transport:Switch to new keys ...
DEBUG:paramiko.transport:Adding ssh-ed25519 host key for 192.168.3.32: b'c31e314816550004d798d43d2709f5d3'
DEBUG:paramiko.transport:Trying discovered key b'3b5a2207d217e3cc86ecb3237b57b98e' in C:\Users\exfho/.ssh/id_rsa
DEBUG:paramiko.transport:userauth is OK
INFO:paramiko.transport:Authentication (publickey) successful!
DEBUG:paramiko.transport:[chan 0] Max packet in: 32768 bytes
DEBUG:paramiko.transport:Received global request "hostkeys-00@openssh.com"
DEBUG:paramiko.transport:Rejecting "hostkeys-00@openssh.com" global request from server.
DEBUG:paramiko.transport:Debug msg: b'/home/ed/.ssh/authorized_keys:2: key options: agent-forwarding port-forwarding pty user-rc x11-forwarding'
DEBUG:paramiko.transport:[chan 0] Max packet out: 32768 bytes
DEBUG:paramiko.transport:Secsh channel 0 opened.
DEBUG:paramiko.transport:[chan 0] Sesch channel 0 request ok
DEBUG:paramiko.transport:[chan 0] EOF received (0)
DEBUG:paramiko.transport:[chan 0] EOF sent (0)
DEBUG:paramiko.transport:starting thread (client mode): 0x4a2b7d60
DEBUG:paramiko.transport:Local version/idstring: SSH-2.0-paramiko_2.7.2
DEBUG:paramiko.transport:Remote version/idstring: SSH-2.0-OpenSSH_8.0
INFO:paramiko.transport:Connected (version 2.0, client OpenSSH_8.0)
DEBUG:paramiko.transport:kex algos:['curve25519-sha256', 'curve25519-sha256@libssh.org', 'ecdh-sha2-nistp256', 'ecdh-sha2-nistp384', 'ecdh-sha2-nistp521', 'diffie-hellman-group-exchange-sha256', 'diffie-hellman-group14-sha256', 'diffie-hellman-group16-sha512', 'diffie-hellman-group18-sha512', 'diffie-hellman-group-exchange-sha1', 'diffie-hellman-group14-sha1'] server key:['rsa-sha2-512', 'rsa-sha2-256', 'ssh-rsa', 'ecdsa-sha2-nistp256', 'ssh-ed25519'] client encrypt:['aes256-gcm@openssh.com', 'chacha20-poly1305@openssh.com', 'aes256-ctr', 'aes256-cbc', 'aes128-gcm@openssh.com', 'aes128-ctr', 'aes128-cbc'] server encrypt:['aes256-gcm@openssh.com', 'chacha20-poly1305@openssh.com', 'aes256-ctr', 'aes256-cbc', 'aes128-gcm@openssh.com', 'aes128-ctr', 'aes128-cbc'] client mac:['hmac-sha2-256-etm@openssh.com', 'hmac-sha1-etm@openssh.com', 'umac-128-etm@openssh.com', 'hmac-sha2-512-etm@openssh.com', 'hmac-sha2-256', 'hmac-sha1', 'umac-128@openssh.com', 'hmac-sha2-512'] server mac:['hmac-sha2-256-etm@openssh.com', 'hmac-sha1-etm@openssh.com', 'umac-128-etm@openssh.com', 'hmac-sha2-512-etm@openssh.com', 'hmac-sha2-256', 'hmac-sha1', 'umac-128@openssh.com', 'hmac-sha2-512'] client compress:['none', 'zlib@openssh.com'] server compress:['none', 'zlib@openssh.com'] client lang:[''] server lang:[''] kex follows?False
DEBUG:paramiko.transport:Kex agreed: curve25519-sha256@libssh.org
DEBUG:paramiko.transport:HostKey agreed: ssh-ed25519
DEBUG:paramiko.transport:Cipher agreed: aes128-ctr
DEBUG:paramiko.transport:MAC agreed: hmac-sha2-256
DEBUG:paramiko.transport:Compression agreed: none
DEBUG:paramiko.transport:kex engine KexCurve25519 specified hash_algo <built-in function openssl_sha256>
DEBUG:paramiko.transport:Switch to new keys ...
DEBUG:paramiko.transport:Adding ssh-ed25519 host key for 192.168.3.32: b'c31e314816550004d798d43d2709f5d3'
DEBUG:paramiko.transport:Trying discovered key b'3b5a2207d217e3cc86ecb3237b57b98e' in C:\Users\exfho/.ssh/id_rsa
DEBUG:paramiko.transport:userauth is OK
INFO:paramiko.transport:Authentication (publickey) successful!
DEBUG:paramiko.transport:[chan 0] Max packet in: 32768 bytes
DEBUG:paramiko.transport:Received global request "hostkeys-00@openssh.com"
DEBUG:paramiko.transport:Rejecting "hostkeys-00@openssh.com" global request from server.
DEBUG:paramiko.transport:Debug msg: b'/home/ed/.ssh/authorized_keys:2: key options: agent-forwarding port-forwarding pty user-rc x11-forwarding'
DEBUG:paramiko.transport:[chan 0] Max packet out: 32768 bytes
DEBUG:paramiko.transport:Secsh channel 0 opened.
DEBUG:paramiko.transport:[chan 0] Sesch channel 0 request ok
DEBUG:paramiko.transport:[chan 0] EOF received (0)
DEBUG:paramiko.transport:[chan 0] EOF sent (0)
DEBUG:paramiko.transport:EOF in transport thread
DEBUG:paramiko.transport:starting thread (client mode): 0xd0b637c0
DEBUG:paramiko.transport:Local version/idstring: SSH-2.0-paramiko_2.7.2
DEBUG:paramiko.transport:Remote version/idstring: SSH-2.0-OpenSSH_8.0
INFO:paramiko.transport:Connected (version 2.0, client OpenSSH_8.0)
DEBUG:paramiko.transport:kex algos:['curve25519-sha256', 'curve25519-sha256@libssh.org', 'ecdh-sha2-nistp256', 'ecdh-sha2-nistp384', 'ecdh-sha2-nistp521', 'diffie-hellman-group-exchange-sha256', 'diffie-hellman-group14-sha256', 'diffie-hellman-group16-sha512', 'diffie-hellman-group18-sha512', 'diffie-hellman-group-exchange-sha1', 'diffie-hellman-group14-sha1'] server key:['rsa-sha2-512', 'rsa-sha2-256', 'ssh-rsa', 'ecdsa-sha2-nistp256', 'ssh-ed25519'] client encrypt:['aes256-gcm@openssh.com', 'chacha20-poly1305@openssh.com', 'aes256-ctr', 'aes256-cbc', 'aes128-gcm@openssh.com', 'aes128-ctr', 'aes128-cbc'] server encrypt:['aes256-gcm@openssh.com', 'chacha20-poly1305@openssh.com', 'aes256-ctr', 'aes256-cbc', 'aes128-gcm@openssh.com', 'aes128-ctr', 'aes128-cbc'] client mac:['hmac-sha2-256-etm@openssh.com', 'hmac-sha1-etm@openssh.com', 'umac-128-etm@openssh.com', 'hmac-sha2-512-etm@openssh.com', 'hmac-sha2-256', 'hmac-sha1', 'umac-128@openssh.com', 'hmac-sha2-512'] server mac:['hmac-sha2-256-etm@openssh.com', 'hmac-sha1-etm@openssh.com', 'umac-128-etm@openssh.com', 'hmac-sha2-512-etm@openssh.com', 'hmac-sha2-256', 'hmac-sha1', 'umac-128@openssh.com', 'hmac-sha2-512'] client compress:['none', 'zlib@openssh.com'] server compress:['none', 'zlib@openssh.com'] client lang:[''] server lang:[''] kex follows?False
DEBUG:paramiko.transport:Kex agreed: curve25519-sha256@libssh.org
DEBUG:paramiko.transport:HostKey agreed: ssh-ed25519
DEBUG:paramiko.transport:Cipher agreed: aes128-ctr
DEBUG:paramiko.transport:MAC agreed: hmac-sha2-256
DEBUG:paramiko.transport:Compression agreed: none
DEBUG:paramiko.transport:kex engine KexCurve25519 specified hash_algo <built-in function openssl_sha256>
DEBUG:paramiko.transport:Switch to new keys ...
DEBUG:paramiko.transport:Adding ssh-ed25519 host key for 192.168.3.32: b'c31e314816550004d798d43d2709f5d3'
DEBUG:paramiko.transport:Trying discovered key b'3b5a2207d217e3cc86ecb3237b57b98e' in C:\Users\exfho/.ssh/id_rsa
DEBUG:paramiko.transport:userauth is OK
INFO:paramiko.transport:Authentication (publickey) successful!
DEBUG:paramiko.transport:[chan 0] Max packet in: 32768 bytes
DEBUG:paramiko.transport:Received global request "hostkeys-00@openssh.com"
DEBUG:paramiko.transport:Rejecting "hostkeys-00@openssh.com" global request from server.
DEBUG:paramiko.transport:Debug msg: b'/home/ed/.ssh/authorized_keys:2: key options: agent-forwarding port-forwarding pty user-rc x11-forwarding'
DEBUG:paramiko.transport:[chan 0] Max packet out: 32768 bytes
DEBUG:paramiko.transport:Secsh channel 0 opened.
DEBUG:paramiko.transport:[chan 0] Sesch channel 0 request ok
DEBUG:paramiko.transport:[chan 0] EOF received (0)
DEBUG:paramiko.transport:[chan 0] EOF sent (0)
DEBUG:paramiko.transport:EOF in transport thread
